


ARM Macro Assembler    Page 1 


    1 00000000                 AREA             RESET, DATA, READONLY
    2 00000000                 EXPORT           __Vectors
    3 00000000         __Vectors
    4 00000000 10001000        DCD              0x10001000
    5 00000004 00000000        DCD              Reset_Handler
    6 00000008                 ALIGN
    7 00000008                 AREA             mycode, CODE, READONLY
    8 00000000         ENTRY
    9 00000000                 EXPORT           Reset_Handler
   10 00000000         Reset_Handler
   11 00000000 480B            LDR              R0,=SRC
   12 00000002 6801            LDR              R1,[R0]
   13 00000004 F04F 0A03       MOV              R10,#3
   14 00000008 F04F 0400       MOV              R4,#0
   15 0000000C F04F 0201       MOV              R2,#1
   16 00000010 F04F 050A       MOV              R5,#0x0A
   17 00000014         UP
   18 00000014 F001 030F       AND              R3,R1,#0x0F
   19 00000018 FB02 4403       MLA              R4,R2,R3,R4
   20 0000001C EA4F 1111       LSR              R1,#4
   21 00000020 FB05 F202       MUL              R2,R5,R2
   22 00000024 F1BA 0A01       SUBS             R10,#1
   23 00000028 D1F4            BNE              UP
   24 0000002A         STOP
   25 0000002A E7FE            B                STOP
   26 0000002C         
   27 0000002C 00000045 
                       SRC     DCD              0x45
   28 00000030         
   29 00000030         
   30 00000030 00000000        AREA             mydata, DATA, READWRITE
   31 00000000 00000000 
              00000000 
              00000000 
              00000000 
              00000000 
              00000000 
              00000000 
              00000000 DST     DCD              0,0,0,0,0,0,0,0
   32 00000020         
   33 00000020         
   34 00000020         
   35 00000020                 END
Command Line: --debug --xref --cpu=Cortex-M3 --apcs=interwork --depend=Project_
8.d -oProject_8.o -IC:\Keil\ARM\RV31\INC -IC:\Keil\ARM\CMSIS\Include -IC:\Keil\
ARM\Inc\NXP\LPC17xx --predefine="__EVAL SETA 1" --list=Project_8.lst Project_8.
asm



ARM Macro Assembler    Page 1 Alphabetic symbol ordering
Relocatable symbols

RESET 00000000

Symbol: RESET
   Definitions
      At line 1 in file Project_8.asm
   Uses
      None
Comment: RESET unused
__Vectors 00000000

Symbol: __Vectors
   Definitions
      At line 3 in file Project_8.asm
   Uses
      At line 2 in file Project_8.asm
Comment: __Vectors used once
2 symbols



ARM Macro Assembler    Page 1 Alphabetic symbol ordering
Relocatable symbols

ENTRY 00000000

Symbol: ENTRY
   Definitions
      At line 8 in file Project_8.asm
   Uses
      None
Comment: ENTRY unused
Reset_Handler 00000000

Symbol: Reset_Handler
   Definitions
      At line 10 in file Project_8.asm
   Uses
      At line 5 in file Project_8.asm
      At line 9 in file Project_8.asm

SRC 0000002C

Symbol: SRC
   Definitions
      At line 27 in file Project_8.asm
   Uses
      At line 11 in file Project_8.asm
Comment: SRC used once
STOP 0000002A

Symbol: STOP
   Definitions
      At line 24 in file Project_8.asm
   Uses
      At line 25 in file Project_8.asm
Comment: STOP used once
UP 00000014

Symbol: UP
   Definitions
      At line 17 in file Project_8.asm
   Uses
      At line 23 in file Project_8.asm
Comment: UP used once
mycode 00000000

Symbol: mycode
   Definitions
      At line 7 in file Project_8.asm
   Uses
      None
Comment: mycode unused
6 symbols



ARM Macro Assembler    Page 1 Alphabetic symbol ordering
Relocatable symbols

DST 00000000

Symbol: DST
   Definitions
      At line 31 in file Project_8.asm
   Uses
      None
Comment: DST unused
mydata 00000000

Symbol: mydata
   Definitions
      At line 30 in file Project_8.asm
   Uses
      None
Comment: mydata unused
2 symbols
343 symbols in table
