


ARM Macro Assembler    Page 1 


    1 00000000                 AREA             RESET, DATA, READONLY
    2 00000000                 EXPORT           __Vectors
    3 00000000         __Vectors
    4 00000000 10001000        DCD              0x10001000
    5 00000004 00000000        DCD              Reset_Handler
    6 00000008                 ALIGN
    7 00000008                 AREA             mycode, CODE, READONLY
    8 00000000         ENTRY
    9 00000000                 EXPORT           Reset_Handler
   10 00000000         Reset_Handler
   11 00000000 480F            LDR              R0, =SRC
   12 00000002 4910            LDR              R1, =DST
   13 00000004 F04F 020A       MOV              R2, #10
   14 00000008         BACK
   15 00000008 F850 3B04       LDR              R3,[R0],#4
   16 0000000C F841 3B04       STR              R3,[R1],#4
   17 00000010 3A01            SUBS             R2,#1
   18 00000012 D1F9            BNE              BACK
   19 00000014         
   20 00000014         STOP
   21 00000014 E7FE            B                STOP
   22 00000016         
   23 00000016 00 00 12345678 
              ABCDEF12 
              11223344 
              A1B1C1D1 
              55667788 
              AABBCCDD 
              A1B2C3D4 
              FFFF1234 
              CDEF9876 
              FEDC9876 SRC     DCD              0x12345678, 0xABCDEF12, 0x11223
344, 0xA1B1C1D1, 0x55667788, 0xAABBCCDD, 0xA1B2C3D4, 0xFFFF1234, 0xCDEF9876, 0x
FEDC9876
   24 00000040         
   25 00000040 00000000 
              00000000         AREA             mydata, DATA, READWRITE
   26 00000000 00000000 
              00000000 
              00000000 
              00000000 
              00000000 
              00000000 
              00000000 
              00000000 DST     DCD              0,0,0,0,0,0,0,0
   27 00000020                 END
Command Line: --debug --xref --cpu=Cortex-M3 --apcs=interwork --depend=Project_
4.d -oProject_4.o -IC:\Keil\ARM\RV31\INC -IC:\Keil\ARM\CMSIS\Include -IC:\Keil\
ARM\Inc\NXP\LPC17xx --predefine="__EVAL SETA 1" --list=Project_4.lst Project_4.
asm



ARM Macro Assembler    Page 1 Alphabetic symbol ordering
Relocatable symbols

RESET 00000000

Symbol: RESET
   Definitions
      At line 1 in file Project_4.asm
   Uses
      None
Comment: RESET unused
__Vectors 00000000

Symbol: __Vectors
   Definitions
      At line 3 in file Project_4.asm
   Uses
      At line 2 in file Project_4.asm
Comment: __Vectors used once
2 symbols



ARM Macro Assembler    Page 1 Alphabetic symbol ordering
Relocatable symbols

BACK 00000008

Symbol: BACK
   Definitions
      At line 14 in file Project_4.asm
   Uses
      At line 18 in file Project_4.asm
Comment: BACK used once
ENTRY 00000000

Symbol: ENTRY
   Definitions
      At line 8 in file Project_4.asm
   Uses
      None
Comment: ENTRY unused
Reset_Handler 00000000

Symbol: Reset_Handler
   Definitions
      At line 10 in file Project_4.asm
   Uses
      At line 5 in file Project_4.asm
      At line 9 in file Project_4.asm

SRC 00000018

Symbol: SRC
   Definitions
      At line 23 in file Project_4.asm
   Uses
      At line 11 in file Project_4.asm
Comment: SRC used once
STOP 00000014

Symbol: STOP
   Definitions
      At line 20 in file Project_4.asm
   Uses
      At line 21 in file Project_4.asm
Comment: STOP used once
mycode 00000000

Symbol: mycode
   Definitions
      At line 7 in file Project_4.asm
   Uses
      None
Comment: mycode unused
6 symbols



ARM Macro Assembler    Page 1 Alphabetic symbol ordering
Relocatable symbols

DST 00000000

Symbol: DST
   Definitions
      At line 26 in file Project_4.asm
   Uses
      At line 12 in file Project_4.asm
Comment: DST used once
mydata 00000000

Symbol: mydata
   Definitions
      At line 25 in file Project_4.asm
   Uses
      None
Comment: mydata unused
2 symbols
343 symbols in table
